<?xml version="1.0" encoding="UTF-8"?>
<testsuite name="is.task.TicTacToe.WorldTest" tests="1" skipped="0" failures="0" errors="0" timestamp="2015-10-31T20:43:02" hostname="Alexanders-MBP.fios-router.home" time="0.0">
  <properties/>
  <testcase name="greetResultsInHello" classname="is.task.TicTacToe.WorldTest" time="0.0"/>
  <system-out><![CDATA[]]></system-out>
  <system-err><![CDATA[]]></system-err>
</testsuite>
