<?xml version="1.0" encoding="UTF-8"?>
<testsuite name="is.ru.TicTacToe.WorldTest" tests="1" skipped="0" failures="0" errors="0" timestamp="2015-10-30T22:49:58" hostname="i-7f3b5dd9.csd07cloud.internal" time="0.003">
  <properties/>
  <testcase name="greetResultsInHello" classname="is.ru.TicTacToe.WorldTest" time="0.003"/>
  <system-out><![CDATA[]]></system-out>
  <system-err><![CDATA[]]></system-err>
</testsuite>
