<?xml version="1.0" encoding="UTF-8"?>
<testsuite name="is.ru.TicTacToe.WorldTest" tests="1" skipped="0" failures="0" errors="0" timestamp="2015-11-02T06:10:22" hostname="Alexanders-MBP.fios-router.home" time="0.002">
  <properties/>
  <testcase name="greetResultsInHello" classname="is.ru.TicTacToe.WorldTest" time="0.002"/>
  <system-out><![CDATA[]]></system-out>
  <system-err><![CDATA[]]></system-err>
</testsuite>
