<?xml version="1.0" encoding="UTF-8"?>
<testsuite name="test.java.is.task.TicTacToe.TicTacToeTest" tests="2" skipped="0" failures="0" errors="0" timestamp="2015-11-02T17:15:34" hostname="i-7f3b5dd9.csd07cloud.internal" time="0.005">
  <properties/>
  <testcase name="testComputerPlayerGetter" classname="test.java.is.task.TicTacToe.TicTacToeTest" time="0.004"/>
  <testcase name="testComputerPlayerSetter" classname="test.java.is.task.TicTacToe.TicTacToeTest" time="0.0"/>
  <system-out><![CDATA[]]></system-out>
  <system-err><![CDATA[]]></system-err>
</testsuite>
