<?xml version="1.0" encoding="UTF-8"?>
<testsuite name="is.ru.TicTacToe.WorldTest" tests="1" skipped="0" failures="0" errors="0" timestamp="2015-11-01T18:01:25" hostname="i-7f3b5dd9.csd07cloud.internal" time="0.004">
  <properties/>
  <testcase name="greetResultsInHello" classname="is.ru.TicTacToe.WorldTest" time="0.004"/>
  <system-out><![CDATA[]]></system-out>
  <system-err><![CDATA[]]></system-err>
</testsuite>
